Active-HDL 13.0.376.8320 2022-11-24 19:32:24

Elaboration top modules:
Architecture                  REGISTROS_ARCHITECTURE(registros)


-------------------------------------------------------------------------------------------------------
Entity    | Architecture           | Library  | Info | Compiler Version          | Compilation Options
-------------------------------------------------------------------------------------------------------
registros | REGISTROS_ARCHITECTURE | tda_1819 |      | 13.0.376.8320 (Windows64) | -O3
-------------------------------------------------------------------------------------------------------

-------------------------------------------------------------------------------------------------------
VHDL Package                       | Library  | Info | Compiler Version          | Compilation Options
-------------------------------------------------------------------------------------------------------
standard                           | std      |      |                           | <unavailable>
TEXTIO                             | std      |      | 13.0.376.8320 (Windows64) |  -2019
std_logic_1164                     | ieee     |      | 13.0.376.8320 (Windows64) |  -2008
NUMERIC_STD                        | ieee     |      | 13.0.376.8320 (Windows64) |  -2008
const_memoria                      | tda_1819 |      | 13.0.376.8320 (Windows64) | -O3
const_registros                    | tda_1819 |      | 13.0.376.8320 (Windows64) | -O3
-------------------------------------------------------------------------------------------------------

-------------------------------------------------------------------------------------------------------
Library                            | Comment
-------------------------------------------------------------------------------------------------------
ieee                               | Standard IEEE packages library
std                                | Standard VHDL library
tda_1819                           | None
-------------------------------------------------------------------------------------------------------


Simulation Options: asim -t ns -O5 +access +r +m+registros registros REGISTROS_ARCHITECTURE


The performance of simulation is reduced. Version Student Edition
